<?xml version="1.0" encoding="UTF-8"?>
<!-- Generated by org.testng.reporters.JUnitReportReporter -->
<testsuite hostname="Nasrin" failures="0" tests="2" name="com.store.TestCases.TC_myAccountPage_test" time="3.931" errors="0" timestamp="2024-02-29T11:14:22 IST" skipped="1">
  <testcase classname="com.store.TestCases.TC_myAccountPage_test" name="verifyLogin" time="3.931"/>
  <testcase classname="com.store.TestCases.TC_myAccountPage_test" name="verifyRegisterationandLogin">
    <skipped/>
  </testcase> <!-- verifyRegisterationandLogin -->
</testsuite> <!-- com.store.TestCases.TC_myAccountPage_test -->
